{"/Users/mihirpanchal/Downloads/proejct/src/App.js": {"path":"/Users/mihirpanchal/Downloads/proejct/src/App.js","statementMap":{"0":{"start":{"line":4,"column":2},"end":{"line":8,"column":4}}},"fnMap":{"0":{"name":"App","decl":{"start":{"line":3,"column":9},"end":{"line":3,"column":12}},"loc":{"start":{"line":3,"column":15},"end":{"line":9,"column":1}},"line":3}},"branchMap":{},"s":{"0":0},"f":{"0":0},"b":{}}
,"/Users/mihirpanchal/Downloads/proejct/src/index.js": {"path":"/Users/mihirpanchal/Downloads/proejct/src/index.js","statementMap":{"0":{"start":{"line":7,"column":13},"end":{"line":7,"column":65}},"1":{"start":{"line":8,"column":0},"end":{"line":12,"column":2}},"2":{"start":{"line":17,"column":0},"end":{"line":17,"column":18}}},"fnMap":{},"branchMap":{},"s":{"0":0,"1":0,"2":0},"f":{},"b":{}}
,"/Users/mihirpanchal/Downloads/proejct/src/reportWebVitals.js": {"path":"/Users/mihirpanchal/Downloads/proejct/src/reportWebVitals.js","statementMap":{"0":{"start":{"line":1,"column":24},"end":{"line":11,"column":1}},"1":{"start":{"line":2,"column":2},"end":{"line":10,"column":3}},"2":{"start":{"line":3,"column":4},"end":{"line":9,"column":7}},"3":{"start":{"line":4,"column":6},"end":{"line":4,"column":26}},"4":{"start":{"line":5,"column":6},"end":{"line":5,"column":26}},"5":{"start":{"line":6,"column":6},"end":{"line":6,"column":26}},"6":{"start":{"line":7,"column":6},"end":{"line":7,"column":26}},"7":{"start":{"line":8,"column":6},"end":{"line":8,"column":27}}},"fnMap":{"0":{"name":"(anonymous_0)","decl":{"start":{"line":1,"column":24},"end":{"line":1,"column":25}},"loc":{"start":{"line":1,"column":39},"end":{"line":11,"column":1}},"line":1},"1":{"name":"(anonymous_1)","decl":{"start":{"line":3,"column":30},"end":{"line":3,"column":31}},"loc":{"start":{"line":3,"column":79},"end":{"line":9,"column":5}},"line":3}},"branchMap":{"0":{"loc":{"start":{"line":2,"column":2},"end":{"line":10,"column":3}},"type":"if","locations":[{"start":{"line":2,"column":2},"end":{"line":10,"column":3}},{"start":{},"end":{}}],"line":2},"1":{"loc":{"start":{"line":2,"column":6},"end":{"line":2,"column":52}},"type":"binary-expr","locations":[{"start":{"line":2,"column":6},"end":{"line":2,"column":17}},{"start":{"line":2,"column":21},"end":{"line":2,"column":52}}],"line":2}},"s":{"0":0,"1":0,"2":0,"3":0,"4":0,"5":0,"6":0,"7":0},"f":{"0":0,"1":0},"b":{"0":[0,0],"1":[0,0]}}
,"/Users/mihirpanchal/Downloads/proejct/src/components/AddReservation/AddReservationDetails.jsx": {"path":"/Users/mihirpanchal/Downloads/proejct/src/components/AddReservation/AddReservationDetails.jsx","statementMap":{"0":{"start":{"line":23,"column":18},"end":{"line":23,"column":58}},"1":{"start":{"line":30,"column":17},"end":{"line":36,"column":3}},"2":{"start":{"line":37,"column":15},"end":{"line":37,"column":46}},"3":{"start":{"line":38,"column":38},"end":{"line":58,"column":4}},"4":{"start":{"line":60,"column":27},"end":{"line":67,"column":3}},"5":{"start":{"line":61,"column":28},"end":{"line":61,"column":36}},"6":{"start":{"line":62,"column":4},"end":{"line":66,"column":5}},"7":{"start":{"line":63,"column":6},"end":{"line":63,"column":66}},"8":{"start":{"line":65,"column":6},"end":{"line":65,"column":54}},"9":{"start":{"line":69,"column":27},"end":{"line":76,"column":3}},"10":{"start":{"line":70,"column":4},"end":{"line":70,"column":23}},"11":{"start":{"line":71,"column":17},"end":{"line":74,"column":5}},"12":{"start":{"line":75,"column":4},"end":{"line":75,"column":21}},"13":{"start":{"line":78,"column":2},"end":{"line":417,"column":4}},"14":{"start":{"line":101,"column":24},"end":{"line":101,"column":76}},"15":{"start":{"line":104,"column":24},"end":{"line":104,"column":68}},"16":{"start":{"line":117,"column":24},"end":{"line":117,"column":78}},"17":{"start":{"line":120,"column":24},"end":{"line":120,"column":68}},"18":{"start":{"line":146,"column":24},"end":{"line":146,"column":64}},"19":{"start":{"line":297,"column":24},"end":{"line":297,"column":66}},"20":{"start":{"line":348,"column":48},"end":{"line":348,"column":54}},"21":{"start":{"line":350,"column":22},"end":{"line":350,"column":67}},"22":{"start":{"line":354,"column":22},"end":{"line":354,"column":79}},"23":{"start":{"line":398,"column":26},"end":{"line":398,"column":74}},"24":{"start":{"line":411,"column":35},"end":{"line":411,"column":52}}},"fnMap":{"0":{"name":"AddReservationDetails","decl":{"start":{"line":25,"column":24},"end":{"line":25,"column":45}},"loc":{"start":{"line":29,"column":3},"end":{"line":418,"column":1}},"line":29},"1":{"name":"(anonymous_1)","decl":{"start":{"line":60,"column":27},"end":{"line":60,"column":28}},"loc":{"start":{"line":60,"column":34},"end":{"line":67,"column":3}},"line":60},"2":{"name":"(anonymous_2)","decl":{"start":{"line":69,"column":27},"end":{"line":69,"column":28}},"loc":{"start":{"line":69,"column":34},"end":{"line":76,"column":3}},"line":69},"3":{"name":"(anonymous_3)","decl":{"start":{"line":100,"column":32},"end":{"line":100,"column":33}},"loc":{"start":{"line":101,"column":24},"end":{"line":101,"column":76}},"line":101},"4":{"name":"(anonymous_4)","decl":{"start":{"line":103,"column":35},"end":{"line":103,"column":36}},"loc":{"start":{"line":104,"column":24},"end":{"line":104,"column":68}},"line":104},"5":{"name":"(anonymous_5)","decl":{"start":{"line":116,"column":32},"end":{"line":116,"column":33}},"loc":{"start":{"line":117,"column":24},"end":{"line":117,"column":78}},"line":117},"6":{"name":"(anonymous_6)","decl":{"start":{"line":119,"column":35},"end":{"line":119,"column":36}},"loc":{"start":{"line":120,"column":24},"end":{"line":120,"column":68}},"line":120},"7":{"name":"(anonymous_7)","decl":{"start":{"line":145,"column":37},"end":{"line":145,"column":38}},"loc":{"start":{"line":146,"column":24},"end":{"line":146,"column":64}},"line":146},"8":{"name":"(anonymous_8)","decl":{"start":{"line":296,"column":34},"end":{"line":296,"column":35}},"loc":{"start":{"line":297,"column":24},"end":{"line":297,"column":66}},"line":297},"9":{"name":"(anonymous_9)","decl":{"start":{"line":348,"column":36},"end":{"line":348,"column":37}},"loc":{"start":{"line":348,"column":48},"end":{"line":348,"column":54}},"line":348},"10":{"name":"(anonymous_10)","decl":{"start":{"line":349,"column":30},"end":{"line":349,"column":31}},"loc":{"start":{"line":350,"column":22},"end":{"line":350,"column":67}},"line":350},"11":{"name":"(anonymous_11)","decl":{"start":{"line":353,"column":33},"end":{"line":353,"column":34}},"loc":{"start":{"line":354,"column":22},"end":{"line":354,"column":79}},"line":354},"12":{"name":"(anonymous_12)","decl":{"start":{"line":397,"column":34},"end":{"line":397,"column":35}},"loc":{"start":{"line":398,"column":26},"end":{"line":398,"column":74}},"line":398},"13":{"name":"(anonymous_13)","decl":{"start":{"line":411,"column":29},"end":{"line":411,"column":30}},"loc":{"start":{"line":411,"column":35},"end":{"line":411,"column":52}},"line":411}},"branchMap":{"0":{"loc":{"start":{"line":62,"column":4},"end":{"line":66,"column":5}},"type":"if","locations":[{"start":{"line":62,"column":4},"end":{"line":66,"column":5}},{"start":{"line":64,"column":11},"end":{"line":66,"column":5}}],"line":62},"1":{"loc":{"start":{"line":62,"column":8},"end":{"line":62,"column":52}},"type":"binary-expr","locations":[{"start":{"line":62,"column":8},"end":{"line":62,"column":27}},{"start":{"line":62,"column":31},"end":{"line":62,"column":52}}],"line":62}},"s":{"0":2,"1":7,"2":7,"3":7,"4":7,"5":2,"6":2,"7":1,"8":1,"9":7,"10":1,"11":1,"12":1,"13":7,"14":0,"15":7,"16":0,"17":7,"18":14,"19":35,"20":0,"21":0,"22":12,"23":0,"24":1},"f":{"0":7,"1":2,"2":1,"3":0,"4":7,"5":0,"6":7,"7":14,"8":35,"9":0,"10":0,"11":12,"12":0,"13":1},"b":{"0":[1,1],"1":[2,1]},"_coverageSchema":"1a1c01bbd47fc00a2c39e90264f33305004495a9","hash":"813af3a6c3a8b3c271abdab5a79408c5b31f3fe0"}
,"/Users/mihirpanchal/Downloads/proejct/src/components/Home/Home.jsx": {"path":"/Users/mihirpanchal/Downloads/proejct/src/components/Home/Home.jsx","statementMap":{"0":{"start":{"line":13,"column":14},"end":{"line":13,"column":18}},"1":{"start":{"line":16,"column":34},"end":{"line":33,"column":1}},"2":{"start":{"line":17,"column":19},"end":{"line":17,"column":21}},"3":{"start":{"line":18,"column":2},"end":{"line":31,"column":3}},"4":{"start":{"line":19,"column":18},"end":{"line":19,"column":26}},"5":{"start":{"line":20,"column":17},"end":{"line":20,"column":29}},"6":{"start":{"line":22,"column":4},"end":{"line":30,"column":5}},"7":{"start":{"line":27,"column":6},"end":{"line":27,"column":28}},"8":{"start":{"line":28,"column":11},"end":{"line":30,"column":5}},"9":{"start":{"line":29,"column":6},"end":{"line":29,"column":64}},"10":{"start":{"line":32,"column":2},"end":{"line":32,"column":18}},"11":{"start":{"line":36,"column":38},"end":{"line":38,"column":3}},"12":{"start":{"line":37,"column":23},"end":{"line":37,"column":54}},"13":{"start":{"line":39,"column":42},"end":{"line":41,"column":3}},"14":{"start":{"line":40,"column":23},"end":{"line":40,"column":54}},"15":{"start":{"line":42,"column":38},"end":{"line":42,"column":53}},"16":{"start":{"line":43,"column":44},"end":{"line":43,"column":59}},"17":{"start":{"line":44,"column":44},"end":{"line":44,"column":58}},"18":{"start":{"line":45,"column":30},"end":{"line":45,"column":45}},"19":{"start":{"line":48,"column":2},"end":{"line":50,"column":3}},"20":{"start":{"line":49,"column":4},"end":{"line":49,"column":46}},"21":{"start":{"line":52,"column":2},"end":{"line":62,"column":9}},"22":{"start":{"line":53,"column":25},"end":{"line":55,"column":6}},"23":{"start":{"line":54,"column":6},"end":{"line":54,"column":32}},"24":{"start":{"line":57,"column":4},"end":{"line":61,"column":6}},"25":{"start":{"line":58,"column":6},"end":{"line":60,"column":7}},"26":{"start":{"line":59,"column":8},"end":{"line":59,"column":35}},"27":{"start":{"line":64,"column":31},"end":{"line":67,"column":3}},"28":{"start":{"line":65,"column":4},"end":{"line":65,"column":25}},"29":{"start":{"line":66,"column":4},"end":{"line":66,"column":25}},"30":{"start":{"line":69,"column":26},"end":{"line":72,"column":3}},"31":{"start":{"line":70,"column":4},"end":{"line":70,"column":26}},"32":{"start":{"line":71,"column":4},"end":{"line":71,"column":21}},"33":{"start":{"line":74,"column":21},"end":{"line":80,"column":3}},"34":{"start":{"line":75,"column":4},"end":{"line":75,"column":23}},"35":{"start":{"line":76,"column":4},"end":{"line":76,"column":24}},"36":{"start":{"line":77,"column":4},"end":{"line":77,"column":28}},"37":{"start":{"line":78,"column":4},"end":{"line":78,"column":20}},"38":{"start":{"line":79,"column":4},"end":{"line":79,"column":25}},"39":{"start":{"line":82,"column":19},"end":{"line":91,"column":3}},"40":{"start":{"line":83,"column":4},"end":{"line":83,"column":23}},"41":{"start":{"line":84,"column":4},"end":{"line":84,"column":24}},"42":{"start":{"line":85,"column":19},"end":{"line":85,"column":34}},"43":{"start":{"line":86,"column":21},"end":{"line":86,"column":54}},"44":{"start":{"line":86,"column":42},"end":{"line":86,"column":53}},"45":{"start":{"line":88,"column":4},"end":{"line":88,"column":29}},"46":{"start":{"line":89,"column":4},"end":{"line":89,"column":32}},"47":{"start":{"line":90,"column":4},"end":{"line":90,"column":27}},"48":{"start":{"line":93,"column":21},"end":{"line":97,"column":3}},"49":{"start":{"line":94,"column":4},"end":{"line":94,"column":40}},"50":{"start":{"line":95,"column":4},"end":{"line":95,"column":43}},"51":{"start":{"line":96,"column":4},"end":{"line":96,"column":29}},"52":{"start":{"line":99,"column":22},"end":{"line":115,"column":3}},"53":{"start":{"line":100,"column":19},"end":{"line":100,"column":34}},"54":{"start":{"line":101,"column":16},"end":{"line":101,"column":57}},"55":{"start":{"line":101,"column":40},"end":{"line":101,"column":56}},"56":{"start":{"line":102,"column":4},"end":{"line":104,"column":5}},"57":{"start":{"line":103,"column":6},"end":{"line":103,"column":27}},"58":{"start":{"line":106,"column":25},"end":{"line":106,"column":42}},"59":{"start":{"line":107,"column":22},"end":{"line":107,"column":69}},"60":{"start":{"line":107,"column":52},"end":{"line":107,"column":68}},"61":{"start":{"line":108,"column":4},"end":{"line":110,"column":5}},"62":{"start":{"line":109,"column":6},"end":{"line":109,"column":39}},"63":{"start":{"line":111,"column":4},"end":{"line":111,"column":25}},"64":{"start":{"line":112,"column":4},"end":{"line":112,"column":34}},"65":{"start":{"line":113,"column":4},"end":{"line":113,"column":26}},"66":{"start":{"line":114,"column":4},"end":{"line":114,"column":27}},"67":{"start":{"line":117,"column":25},"end":{"line":132,"column":3}},"68":{"start":{"line":118,"column":23},"end":{"line":118,"column":25}},"69":{"start":{"line":119,"column":4},"end":{"line":121,"column":5}},"70":{"start":{"line":120,"column":6},"end":{"line":120,"column":37}},"71":{"start":{"line":122,"column":4},"end":{"line":129,"column":7}},"72":{"start":{"line":124,"column":8},"end":{"line":124,"column":66}},"73":{"start":{"line":125,"column":6},"end":{"line":127,"column":7}},"74":{"start":{"line":126,"column":8},"end":{"line":126,"column":20}},"75":{"start":{"line":128,"column":6},"end":{"line":128,"column":19}},"76":{"start":{"line":131,"column":4},"end":{"line":131,"column":34}},"77":{"start":{"line":134,"column":2},"end":{"line":172,"column":4}},"78":{"start":{"line":139,"column":12},"end":{"line":139,"column":43}},"79":{"start":{"line":144,"column":33},"end":{"line":144,"column":56}},"80":{"start":{"line":167,"column":33},"end":{"line":167,"column":57}}},"fnMap":{"0":{"name":"(anonymous_0)","decl":{"start":{"line":16,"column":34},"end":{"line":16,"column":35}},"loc":{"start":{"line":16,"column":49},"end":{"line":33,"column":1}},"line":16},"1":{"name":"Home","decl":{"start":{"line":35,"column":24},"end":{"line":35,"column":28}},"loc":{"start":{"line":35,"column":31},"end":{"line":173,"column":1}},"line":35},"2":{"name":"(anonymous_2)","decl":{"start":{"line":37,"column":13},"end":{"line":37,"column":14}},"loc":{"start":{"line":37,"column":23},"end":{"line":37,"column":54}},"line":37},"3":{"name":"(anonymous_3)","decl":{"start":{"line":40,"column":13},"end":{"line":40,"column":14}},"loc":{"start":{"line":40,"column":23},"end":{"line":40,"column":54}},"line":40},"4":{"name":"(anonymous_4)","decl":{"start":{"line":52,"column":18},"end":{"line":52,"column":19}},"loc":{"start":{"line":52,"column":24},"end":{"line":62,"column":3}},"line":52},"5":{"name":"(anonymous_5)","decl":{"start":{"line":53,"column":43},"end":{"line":53,"column":44}},"loc":{"start":{"line":53,"column":59},"end":{"line":55,"column":5}},"line":53},"6":{"name":"(anonymous_6)","decl":{"start":{"line":57,"column":11},"end":{"line":57,"column":12}},"loc":{"start":{"line":57,"column":17},"end":{"line":61,"column":5}},"line":57},"7":{"name":"(anonymous_7)","decl":{"start":{"line":64,"column":31},"end":{"line":64,"column":32}},"loc":{"start":{"line":64,"column":39},"end":{"line":67,"column":3}},"line":64},"8":{"name":"(anonymous_8)","decl":{"start":{"line":69,"column":26},"end":{"line":69,"column":27}},"loc":{"start":{"line":69,"column":32},"end":{"line":72,"column":3}},"line":69},"9":{"name":"(anonymous_9)","decl":{"start":{"line":74,"column":21},"end":{"line":74,"column":22}},"loc":{"start":{"line":74,"column":35},"end":{"line":80,"column":3}},"line":74},"10":{"name":"(anonymous_10)","decl":{"start":{"line":82,"column":19},"end":{"line":82,"column":20}},"loc":{"start":{"line":82,"column":30},"end":{"line":91,"column":3}},"line":82},"11":{"name":"(anonymous_11)","decl":{"start":{"line":86,"column":35},"end":{"line":86,"column":36}},"loc":{"start":{"line":86,"column":42},"end":{"line":86,"column":53}},"line":86},"12":{"name":"(anonymous_12)","decl":{"start":{"line":93,"column":21},"end":{"line":93,"column":22}},"loc":{"start":{"line":93,"column":31},"end":{"line":97,"column":3}},"line":93},"13":{"name":"(anonymous_13)","decl":{"start":{"line":99,"column":22},"end":{"line":99,"column":23}},"loc":{"start":{"line":99,"column":32},"end":{"line":115,"column":3}},"line":99},"14":{"name":"(anonymous_14)","decl":{"start":{"line":101,"column":33},"end":{"line":101,"column":34}},"loc":{"start":{"line":101,"column":40},"end":{"line":101,"column":56}},"line":101},"15":{"name":"(anonymous_15)","decl":{"start":{"line":107,"column":45},"end":{"line":107,"column":46}},"loc":{"start":{"line":107,"column":52},"end":{"line":107,"column":68}},"line":107},"16":{"name":"(anonymous_16)","decl":{"start":{"line":117,"column":25},"end":{"line":117,"column":26}},"loc":{"start":{"line":117,"column":36},"end":{"line":132,"column":3}},"line":117},"17":{"name":"(anonymous_17)","decl":{"start":{"line":122,"column":37},"end":{"line":122,"column":38}},"loc":{"start":{"line":122,"column":47},"end":{"line":129,"column":5}},"line":122},"18":{"name":"(anonymous_18)","decl":{"start":{"line":138,"column":25},"end":{"line":138,"column":26}},"loc":{"start":{"line":138,"column":32},"end":{"line":140,"column":11}},"line":138},"19":{"name":"(anonymous_19)","decl":{"start":{"line":144,"column":27},"end":{"line":144,"column":28}},"loc":{"start":{"line":144,"column":33},"end":{"line":144,"column":56}},"line":144},"20":{"name":"(anonymous_20)","decl":{"start":{"line":167,"column":27},"end":{"line":167,"column":28}},"loc":{"start":{"line":167,"column":33},"end":{"line":167,"column":57}},"line":167}},"branchMap":{"0":{"loc":{"start":{"line":22,"column":4},"end":{"line":30,"column":5}},"type":"if","locations":[{"start":{"line":22,"column":4},"end":{"line":30,"column":5}},{"start":{"line":28,"column":11},"end":{"line":30,"column":5}}],"line":22},"1":{"loc":{"start":{"line":23,"column":6},"end":{"line":25,"column":26}},"type":"binary-expr","locations":[{"start":{"line":23,"column":6},"end":{"line":23,"column":42}},{"start":{"line":24,"column":7},"end":{"line":24,"column":24}},{"start":{"line":24,"column":28},"end":{"line":24,"column":41}},{"start":{"line":25,"column":6},"end":{"line":25,"column":26}}],"line":23},"2":{"loc":{"start":{"line":28,"column":11},"end":{"line":30,"column":5}},"type":"if","locations":[{"start":{"line":28,"column":11},"end":{"line":30,"column":5}},{"start":{},"end":{}}],"line":28},"3":{"loc":{"start":{"line":48,"column":2},"end":{"line":50,"column":3}},"type":"if","locations":[{"start":{"line":48,"column":2},"end":{"line":50,"column":3}},{"start":{},"end":{}}],"line":48},"4":{"loc":{"start":{"line":58,"column":6},"end":{"line":60,"column":7}},"type":"if","locations":[{"start":{"line":58,"column":6},"end":{"line":60,"column":7}},{"start":{},"end":{}}],"line":58},"5":{"loc":{"start":{"line":102,"column":4},"end":{"line":104,"column":5}},"type":"if","locations":[{"start":{"line":102,"column":4},"end":{"line":104,"column":5}},{"start":{},"end":{}}],"line":102},"6":{"loc":{"start":{"line":108,"column":4},"end":{"line":110,"column":5}},"type":"if","locations":[{"start":{"line":108,"column":4},"end":{"line":110,"column":5}},{"start":{},"end":{}}],"line":108},"7":{"loc":{"start":{"line":119,"column":4},"end":{"line":121,"column":5}},"type":"if","locations":[{"start":{"line":119,"column":4},"end":{"line":121,"column":5}},{"start":{},"end":{}}],"line":119},"8":{"loc":{"start":{"line":125,"column":6},"end":{"line":127,"column":7}},"type":"if","locations":[{"start":{"line":125,"column":6},"end":{"line":127,"column":7}},{"start":{},"end":{}}],"line":125},"9":{"loc":{"start":{"line":155,"column":7},"end":{"line":163,"column":7}},"type":"binary-expr","locations":[{"start":{"line":155,"column":7},"end":{"line":155,"column":29}},{"start":{"line":156,"column":8},"end":{"line":162,"column":10}}],"line":155},"10":{"loc":{"start":{"line":164,"column":7},"end":{"line":170,"column":7}},"type":"binary-expr","locations":[{"start":{"line":164,"column":7},"end":{"line":164,"column":19}},{"start":{"line":165,"column":8},"end":{"line":169,"column":10}}],"line":164}},"s":{"0":1,"1":1,"2":290,"3":290,"4":1450,"5":1450,"6":1450,"7":1218,"8":232,"9":232,"10":290,"11":15,"12":30,"13":14,"14":28,"15":14,"16":14,"17":14,"18":14,"19":14,"20":1,"21":14,"22":5,"23":7,"24":5,"25":5,"26":5,"27":14,"28":0,"29":0,"30":14,"31":0,"32":0,"33":14,"34":1,"35":1,"36":1,"37":1,"38":1,"39":14,"40":1,"41":1,"42":1,"43":1,"44":2,"45":1,"46":1,"47":1,"48":14,"49":0,"50":0,"51":0,"52":14,"53":1,"54":1,"55":1,"56":1,"57":1,"58":1,"59":1,"60":1,"61":1,"62":1,"63":1,"64":1,"65":1,"66":1,"67":14,"68":1,"69":1,"70":0,"71":1,"72":1,"73":1,"74":1,"75":0,"76":1,"77":14,"78":1,"79":1,"80":0},"f":{"0":290,"1":15,"2":30,"3":28,"4":5,"5":7,"6":5,"7":0,"8":0,"9":1,"10":1,"11":2,"12":0,"13":1,"14":1,"15":1,"16":1,"17":1,"18":1,"19":1,"20":0},"b":{"0":[1218,232],"1":[1450,464,116,348],"2":[232,0],"3":[1,13],"4":[5,0],"5":[1,0],"6":[1,0],"7":[0,1],"8":[1,0],"9":[14,1],"10":[14,1]},"_coverageSchema":"1a1c01bbd47fc00a2c39e90264f33305004495a9","hash":"0a817a09916c27c544027ed568b9fc94107f41d8"}
,"/Users/mihirpanchal/Downloads/proejct/src/components/Home/Home.stories.jsx": {"path":"/Users/mihirpanchal/Downloads/proejct/src/components/Home/Home.stories.jsx","statementMap":{"0":{"start":{"line":10,"column":17},"end":{"line":10,"column":45}},"1":{"start":{"line":10,"column":27},"end":{"line":10,"column":45}},"2":{"start":{"line":12,"column":31},"end":{"line":12,"column":48}},"3":{"start":{"line":14,"column":0},"end":{"line":17,"column":2}}},"fnMap":{"0":{"name":"(anonymous_0)","decl":{"start":{"line":10,"column":17},"end":{"line":10,"column":18}},"loc":{"start":{"line":10,"column":27},"end":{"line":10,"column":45}},"line":10}},"branchMap":{},"s":{"0":0,"1":0,"2":0,"3":0},"f":{"0":0},"b":{}}
,"/Users/mihirpanchal/Downloads/proejct/src/components/ReservationDetails/ReservationDetails.jsx": {"path":"/Users/mihirpanchal/Downloads/proejct/src/components/ReservationDetails/ReservationDetails.jsx","statementMap":{"0":{"start":{"line":23,"column":18},"end":{"line":23,"column":58}},"1":{"start":{"line":32,"column":17},"end":{"line":38,"column":3}},"2":{"start":{"line":39,"column":15},"end":{"line":39,"column":46}},"3":{"start":{"line":40,"column":38},"end":{"line":60,"column":4}},"4":{"start":{"line":62,"column":27},"end":{"line":69,"column":3}},"5":{"start":{"line":63,"column":28},"end":{"line":63,"column":36}},"6":{"start":{"line":64,"column":4},"end":{"line":68,"column":5}},"7":{"start":{"line":65,"column":6},"end":{"line":65,"column":66}},"8":{"start":{"line":67,"column":6},"end":{"line":67,"column":54}},"9":{"start":{"line":71,"column":28},"end":{"line":77,"column":3}},"10":{"start":{"line":72,"column":17},"end":{"line":75,"column":5}},"11":{"start":{"line":76,"column":4},"end":{"line":76,"column":22}},"12":{"start":{"line":79,"column":2},"end":{"line":81,"column":13}},"13":{"start":{"line":80,"column":4},"end":{"line":80,"column":24}},"14":{"start":{"line":83,"column":2},"end":{"line":440,"column":4}},"15":{"start":{"line":104,"column":24},"end":{"line":104,"column":76}},"16":{"start":{"line":107,"column":24},"end":{"line":107,"column":68}},"17":{"start":{"line":120,"column":24},"end":{"line":120,"column":78}},"18":{"start":{"line":123,"column":24},"end":{"line":123,"column":68}},"19":{"start":{"line":150,"column":24},"end":{"line":150,"column":64}},"20":{"start":{"line":312,"column":24},"end":{"line":312,"column":66}},"21":{"start":{"line":366,"column":48},"end":{"line":366,"column":54}},"22":{"start":{"line":369,"column":22},"end":{"line":369,"column":67}},"23":{"start":{"line":373,"column":22},"end":{"line":373,"column":79}},"24":{"start":{"line":418,"column":26},"end":{"line":418,"column":74}},"25":{"start":{"line":432,"column":35},"end":{"line":432,"column":52}},"26":{"start":{"line":434,"column":37},"end":{"line":434,"column":56}}},"fnMap":{"0":{"name":"ReservationDetails","decl":{"start":{"line":25,"column":24},"end":{"line":25,"column":42}},"loc":{"start":{"line":31,"column":3},"end":{"line":441,"column":1}},"line":31},"1":{"name":"(anonymous_1)","decl":{"start":{"line":62,"column":27},"end":{"line":62,"column":28}},"loc":{"start":{"line":62,"column":34},"end":{"line":69,"column":3}},"line":62},"2":{"name":"(anonymous_2)","decl":{"start":{"line":71,"column":28},"end":{"line":71,"column":29}},"loc":{"start":{"line":71,"column":35},"end":{"line":77,"column":3}},"line":71},"3":{"name":"(anonymous_3)","decl":{"start":{"line":79,"column":12},"end":{"line":79,"column":13}},"loc":{"start":{"line":79,"column":18},"end":{"line":81,"column":3}},"line":79},"4":{"name":"(anonymous_4)","decl":{"start":{"line":103,"column":32},"end":{"line":103,"column":33}},"loc":{"start":{"line":104,"column":24},"end":{"line":104,"column":76}},"line":104},"5":{"name":"(anonymous_5)","decl":{"start":{"line":106,"column":35},"end":{"line":106,"column":36}},"loc":{"start":{"line":107,"column":24},"end":{"line":107,"column":68}},"line":107},"6":{"name":"(anonymous_6)","decl":{"start":{"line":119,"column":32},"end":{"line":119,"column":33}},"loc":{"start":{"line":120,"column":24},"end":{"line":120,"column":78}},"line":120},"7":{"name":"(anonymous_7)","decl":{"start":{"line":122,"column":35},"end":{"line":122,"column":36}},"loc":{"start":{"line":123,"column":24},"end":{"line":123,"column":68}},"line":123},"8":{"name":"(anonymous_8)","decl":{"start":{"line":149,"column":37},"end":{"line":149,"column":38}},"loc":{"start":{"line":150,"column":24},"end":{"line":150,"column":64}},"line":150},"9":{"name":"(anonymous_9)","decl":{"start":{"line":311,"column":34},"end":{"line":311,"column":35}},"loc":{"start":{"line":312,"column":24},"end":{"line":312,"column":66}},"line":312},"10":{"name":"(anonymous_10)","decl":{"start":{"line":366,"column":36},"end":{"line":366,"column":37}},"loc":{"start":{"line":366,"column":48},"end":{"line":366,"column":54}},"line":366},"11":{"name":"(anonymous_11)","decl":{"start":{"line":368,"column":30},"end":{"line":368,"column":31}},"loc":{"start":{"line":369,"column":22},"end":{"line":369,"column":67}},"line":369},"12":{"name":"(anonymous_12)","decl":{"start":{"line":372,"column":33},"end":{"line":372,"column":34}},"loc":{"start":{"line":373,"column":22},"end":{"line":373,"column":79}},"line":373},"13":{"name":"(anonymous_13)","decl":{"start":{"line":417,"column":34},"end":{"line":417,"column":35}},"loc":{"start":{"line":418,"column":26},"end":{"line":418,"column":74}},"line":418},"14":{"name":"(anonymous_14)","decl":{"start":{"line":432,"column":29},"end":{"line":432,"column":30}},"loc":{"start":{"line":432,"column":35},"end":{"line":432,"column":52}},"line":432},"15":{"name":"(anonymous_15)","decl":{"start":{"line":434,"column":31},"end":{"line":434,"column":32}},"loc":{"start":{"line":434,"column":37},"end":{"line":434,"column":56}},"line":434}},"branchMap":{"0":{"loc":{"start":{"line":41,"column":17},"end":{"line":41,"column":46}},"type":"binary-expr","locations":[{"start":{"line":41,"column":17},"end":{"line":41,"column":40}},{"start":{"line":41,"column":44},"end":{"line":41,"column":46}}],"line":41},"1":{"loc":{"start":{"line":42,"column":19},"end":{"line":42,"column":50}},"type":"binary-expr","locations":[{"start":{"line":42,"column":19},"end":{"line":42,"column":44}},{"start":{"line":42,"column":48},"end":{"line":42,"column":50}}],"line":42},"2":{"loc":{"start":{"line":43,"column":14},"end":{"line":43,"column":33}},"type":"binary-expr","locations":[{"start":{"line":43,"column":14},"end":{"line":43,"column":28}},{"start":{"line":43,"column":32},"end":{"line":43,"column":33}}],"line":43},"3":{"loc":{"start":{"line":44,"column":18},"end":{"line":44,"column":41}},"type":"binary-expr","locations":[{"start":{"line":44,"column":18},"end":{"line":44,"column":36}},{"start":{"line":44,"column":40},"end":{"line":44,"column":41}}],"line":44},"4":{"loc":{"start":{"line":45,"column":15},"end":{"line":45,"column":36}},"type":"binary-expr","locations":[{"start":{"line":45,"column":15},"end":{"line":45,"column":30}},{"start":{"line":45,"column":34},"end":{"line":45,"column":36}}],"line":45},"5":{"loc":{"start":{"line":46,"column":14},"end":{"line":46,"column":33}},"type":"binary-expr","locations":[{"start":{"line":46,"column":14},"end":{"line":46,"column":27}},{"start":{"line":46,"column":31},"end":{"line":46,"column":33}}],"line":46},"6":{"loc":{"start":{"line":47,"column":11},"end":{"line":47,"column":28}},"type":"binary-expr","locations":[{"start":{"line":47,"column":11},"end":{"line":47,"column":22}},{"start":{"line":47,"column":26},"end":{"line":47,"column":28}}],"line":47},"7":{"loc":{"start":{"line":48,"column":11},"end":{"line":48,"column":28}},"type":"binary-expr","locations":[{"start":{"line":48,"column":11},"end":{"line":48,"column":22}},{"start":{"line":48,"column":26},"end":{"line":48,"column":28}}],"line":48},"8":{"loc":{"start":{"line":49,"column":16},"end":{"line":49,"column":38}},"type":"binary-expr","locations":[{"start":{"line":49,"column":16},"end":{"line":49,"column":32}},{"start":{"line":49,"column":36},"end":{"line":49,"column":38}}],"line":49},"9":{"loc":{"start":{"line":50,"column":18},"end":{"line":50,"column":42}},"type":"binary-expr","locations":[{"start":{"line":50,"column":18},"end":{"line":50,"column":36}},{"start":{"line":50,"column":40},"end":{"line":50,"column":42}}],"line":50},"10":{"loc":{"start":{"line":51,"column":13},"end":{"line":51,"column":32}},"type":"binary-expr","locations":[{"start":{"line":51,"column":13},"end":{"line":51,"column":26}},{"start":{"line":51,"column":30},"end":{"line":51,"column":32}}],"line":51},"11":{"loc":{"start":{"line":52,"column":11},"end":{"line":52,"column":28}},"type":"binary-expr","locations":[{"start":{"line":52,"column":11},"end":{"line":52,"column":22}},{"start":{"line":52,"column":26},"end":{"line":52,"column":28}}],"line":52},"12":{"loc":{"start":{"line":53,"column":10},"end":{"line":53,"column":26}},"type":"binary-expr","locations":[{"start":{"line":53,"column":10},"end":{"line":53,"column":20}},{"start":{"line":53,"column":24},"end":{"line":53,"column":26}}],"line":53},"13":{"loc":{"start":{"line":54,"column":12},"end":{"line":54,"column":30}},"type":"binary-expr","locations":[{"start":{"line":54,"column":12},"end":{"line":54,"column":24}},{"start":{"line":54,"column":28},"end":{"line":54,"column":30}}],"line":54},"14":{"loc":{"start":{"line":55,"column":13},"end":{"line":55,"column":32}},"type":"binary-expr","locations":[{"start":{"line":55,"column":13},"end":{"line":55,"column":26}},{"start":{"line":55,"column":30},"end":{"line":55,"column":32}}],"line":55},"15":{"loc":{"start":{"line":56,"column":10},"end":{"line":56,"column":26}},"type":"binary-expr","locations":[{"start":{"line":56,"column":10},"end":{"line":56,"column":20}},{"start":{"line":56,"column":24},"end":{"line":56,"column":26}}],"line":56},"16":{"loc":{"start":{"line":57,"column":14},"end":{"line":57,"column":37}},"type":"binary-expr","locations":[{"start":{"line":57,"column":14},"end":{"line":57,"column":28}},{"start":{"line":57,"column":32},"end":{"line":57,"column":37}}],"line":57},"17":{"loc":{"start":{"line":58,"column":16},"end":{"line":58,"column":41}},"type":"binary-expr","locations":[{"start":{"line":58,"column":16},"end":{"line":58,"column":32}},{"start":{"line":58,"column":36},"end":{"line":58,"column":41}}],"line":58},"18":{"loc":{"start":{"line":59,"column":13},"end":{"line":59,"column":35}},"type":"binary-expr","locations":[{"start":{"line":59,"column":13},"end":{"line":59,"column":26}},{"start":{"line":59,"column":30},"end":{"line":59,"column":35}}],"line":59},"19":{"loc":{"start":{"line":64,"column":4},"end":{"line":68,"column":5}},"type":"if","locations":[{"start":{"line":64,"column":4},"end":{"line":68,"column":5}},{"start":{"line":66,"column":11},"end":{"line":68,"column":5}}],"line":64},"20":{"loc":{"start":{"line":64,"column":8},"end":{"line":64,"column":52}},"type":"binary-expr","locations":[{"start":{"line":64,"column":8},"end":{"line":64,"column":27}},{"start":{"line":64,"column":31},"end":{"line":64,"column":52}}],"line":64},"21":{"loc":{"start":{"line":433,"column":13},"end":{"line":435,"column":13}},"type":"binary-expr","locations":[{"start":{"line":433,"column":13},"end":{"line":433,"column":19}},{"start":{"line":434,"column":14},"end":{"line":434,"column":71}}],"line":433}},"s":{"0":2,"1":9,"2":9,"3":9,"4":9,"5":1,"6":1,"7":0,"8":1,"9":9,"10":2,"11":2,"12":9,"13":4,"14":9,"15":0,"16":13,"17":0,"18":13,"19":18,"20":45,"21":39,"22":0,"23":13,"24":0,"25":1,"26":2},"f":{"0":9,"1":1,"2":2,"3":4,"4":0,"5":13,"6":0,"7":13,"8":18,"9":45,"10":39,"11":0,"12":13,"13":0,"14":1,"15":2},"b":{"0":[9,9],"1":[9,9],"2":[9,0],"3":[9,0],"4":[9,0],"5":[9,9],"6":[9,0],"7":[9,0],"8":[9,0],"9":[9,0],"10":[9,0],"11":[9,0],"12":[9,0],"13":[9,0],"14":[9,0],"15":[9,0],"16":[9,0],"17":[9,0],"18":[9,9],"19":[0,1],"20":[1,1],"21":[9,9]},"_coverageSchema":"1a1c01bbd47fc00a2c39e90264f33305004495a9","hash":"c0a1674eb765d3b060c300bc917c5bd759c5a0d7"}
,"/Users/mihirpanchal/Downloads/proejct/src/components/ReservationDetails/ReservationDetails.stories.jsx": {"path":"/Users/mihirpanchal/Downloads/proejct/src/components/ReservationDetails/ReservationDetails.stories.jsx","statementMap":{"0":{"start":{"line":5,"column":17},"end":{"line":34,"column":1}},"1":{"start":{"line":41,"column":17},"end":{"line":41,"column":59}},"2":{"start":{"line":41,"column":27},"end":{"line":41,"column":59}},"3":{"start":{"line":43,"column":38},"end":{"line":43,"column":55}},"4":{"start":{"line":45,"column":0},"end":{"line":51,"column":2}},"5":{"start":{"line":47,"column":19},"end":{"line":47,"column":44}},"6":{"start":{"line":49,"column":25},"end":{"line":49,"column":60}},"7":{"start":{"line":50,"column":21},"end":{"line":50,"column":49}},"8":{"start":{"line":53,"column":38},"end":{"line":53,"column":55}},"9":{"start":{"line":55,"column":0},"end":{"line":61,"column":2}},"10":{"start":{"line":57,"column":19},"end":{"line":57,"column":44}},"11":{"start":{"line":59,"column":25},"end":{"line":59,"column":60}},"12":{"start":{"line":60,"column":21},"end":{"line":60,"column":49}}},"fnMap":{"0":{"name":"(anonymous_0)","decl":{"start":{"line":41,"column":17},"end":{"line":41,"column":18}},"loc":{"start":{"line":41,"column":27},"end":{"line":41,"column":59}},"line":41},"1":{"name":"(anonymous_1)","decl":{"start":{"line":47,"column":13},"end":{"line":47,"column":14}},"loc":{"start":{"line":47,"column":19},"end":{"line":47,"column":44}},"line":47},"2":{"name":"(anonymous_2)","decl":{"start":{"line":49,"column":19},"end":{"line":49,"column":20}},"loc":{"start":{"line":49,"column":25},"end":{"line":49,"column":60}},"line":49},"3":{"name":"(anonymous_3)","decl":{"start":{"line":50,"column":15},"end":{"line":50,"column":16}},"loc":{"start":{"line":50,"column":21},"end":{"line":50,"column":49}},"line":50},"4":{"name":"(anonymous_4)","decl":{"start":{"line":57,"column":13},"end":{"line":57,"column":14}},"loc":{"start":{"line":57,"column":19},"end":{"line":57,"column":44}},"line":57},"5":{"name":"(anonymous_5)","decl":{"start":{"line":59,"column":19},"end":{"line":59,"column":20}},"loc":{"start":{"line":59,"column":25},"end":{"line":59,"column":60}},"line":59},"6":{"name":"(anonymous_6)","decl":{"start":{"line":60,"column":15},"end":{"line":60,"column":16}},"loc":{"start":{"line":60,"column":21},"end":{"line":60,"column":49}},"line":60}},"branchMap":{},"s":{"0":0,"1":0,"2":0,"3":0,"4":0,"5":0,"6":0,"7":0,"8":0,"9":0,"10":0,"11":0,"12":0},"f":{"0":0,"1":0,"2":0,"3":0,"4":0,"5":0,"6":0},"b":{}}
,"/Users/mihirpanchal/Downloads/proejct/src/components/Result/Result.jsx": {"path":"/Users/mihirpanchal/Downloads/proejct/src/components/Result/Result.jsx","statementMap":{"0":{"start":{"line":20,"column":2},"end":{"line":58,"column":4}},"1":{"start":{"line":35,"column":14},"end":{"line":52,"column":25}},"2":{"start":{"line":38,"column":31},"end":{"line":38,"column":58}},"3":{"start":{"line":48,"column":42},"end":{"line":48,"column":58}},"4":{"start":{"line":49,"column":51},"end":{"line":49,"column":71}}},"fnMap":{"0":{"name":"Result","decl":{"start":{"line":13,"column":24},"end":{"line":13,"column":30}},"loc":{"start":{"line":18,"column":3},"end":{"line":59,"column":1}},"line":18},"1":{"name":"(anonymous_1)","decl":{"start":{"line":34,"column":23},"end":{"line":34,"column":24}},"loc":{"start":{"line":35,"column":14},"end":{"line":52,"column":25}},"line":35},"2":{"name":"(anonymous_2)","decl":{"start":{"line":38,"column":25},"end":{"line":38,"column":26}},"loc":{"start":{"line":38,"column":31},"end":{"line":38,"column":58}},"line":38},"3":{"name":"(anonymous_3)","decl":{"start":{"line":48,"column":35},"end":{"line":48,"column":36}},"loc":{"start":{"line":48,"column":42},"end":{"line":48,"column":58}},"line":48},"4":{"name":"(anonymous_4)","decl":{"start":{"line":49,"column":44},"end":{"line":49,"column":45}},"loc":{"start":{"line":49,"column":51},"end":{"line":49,"column":71}},"line":49}},"branchMap":{},"s":{"0":16,"1":28,"2":2,"3":2,"4":2},"f":{"0":16,"1":28,"2":2,"3":2,"4":2},"b":{},"_coverageSchema":"1a1c01bbd47fc00a2c39e90264f33305004495a9","hash":"d532551050c5ff0a07a4289ec9998fbf153c0a12"}
,"/Users/mihirpanchal/Downloads/proejct/src/components/Result/Result.stories.jsx": {"path":"/Users/mihirpanchal/Downloads/proejct/src/components/Result/Result.stories.jsx","statementMap":{"0":{"start":{"line":5,"column":13},"end":{"line":74,"column":3}},"1":{"start":{"line":81,"column":17},"end":{"line":81,"column":47}},"2":{"start":{"line":81,"column":27},"end":{"line":81,"column":47}},"3":{"start":{"line":83,"column":29},"end":{"line":83,"column":46}},"4":{"start":{"line":85,"column":0},"end":{"line":90,"column":2}},"5":{"start":{"line":87,"column":30},"end":{"line":87,"column":61}},"6":{"start":{"line":88,"column":16},"end":{"line":88,"column":38}},"7":{"start":{"line":89,"column":18},"end":{"line":89,"column":42}}},"fnMap":{"0":{"name":"(anonymous_0)","decl":{"start":{"line":81,"column":17},"end":{"line":81,"column":18}},"loc":{"start":{"line":81,"column":27},"end":{"line":81,"column":47}},"line":81},"1":{"name":"(anonymous_1)","decl":{"start":{"line":87,"column":24},"end":{"line":87,"column":25}},"loc":{"start":{"line":87,"column":30},"end":{"line":87,"column":61}},"line":87},"2":{"name":"(anonymous_2)","decl":{"start":{"line":88,"column":10},"end":{"line":88,"column":11}},"loc":{"start":{"line":88,"column":16},"end":{"line":88,"column":38}},"line":88},"3":{"name":"(anonymous_3)","decl":{"start":{"line":89,"column":12},"end":{"line":89,"column":13}},"loc":{"start":{"line":89,"column":18},"end":{"line":89,"column":42}},"line":89}},"branchMap":{},"s":{"0":0,"1":0,"2":0,"3":0,"4":0,"5":0,"6":0,"7":0},"f":{"0":0,"1":0,"2":0,"3":0},"b":{}}
,"/Users/mihirpanchal/Downloads/proejct/src/components/Search/Search.jsx": {"path":"/Users/mihirpanchal/Downloads/proejct/src/components/Search/Search.jsx","statementMap":{"0":{"start":{"line":9,"column":2},"end":{"line":25,"column":4}}},"fnMap":{"0":{"name":"Search","decl":{"start":{"line":8,"column":24},"end":{"line":8,"column":30}},"loc":{"start":{"line":8,"column":50},"end":{"line":26,"column":1}},"line":8}},"branchMap":{},"s":{"0":14},"f":{"0":14},"b":{},"_coverageSchema":"1a1c01bbd47fc00a2c39e90264f33305004495a9","hash":"49c276f4c5292584a3f4e8def3dfe3b717805019"}
}
