TN:
SF:src/App.js
FN:3,App
FNF:1
FNH:0
FNDA:0,App
DA:4,0
LF:1
LH:0
BRF:0
BRH:0
end_of_record
TN:
SF:src/index.js
FNF:0
FNH:0
DA:7,0
DA:8,0
DA:17,0
LF:3
LH:0
BRF:0
BRH:0
end_of_record
TN:
SF:src/reportWebVitals.js
FN:1,(anonymous_0)
FN:3,(anonymous_1)
FNF:2
FNH:0
FNDA:0,(anonymous_0)
FNDA:0,(anonymous_1)
DA:1,0
DA:2,0
DA:3,0
DA:4,0
DA:5,0
DA:6,0
DA:7,0
DA:8,0
LF:8
LH:0
BRDA:2,0,0,0
BRDA:2,0,1,0
BRDA:2,1,0,0
BRDA:2,1,1,0
BRF:4
BRH:0
end_of_record
TN:
SF:src/components/AddReservation/AddReservationDetails.jsx
FN:25,AddReservationDetails
FN:60,(anonymous_1)
FN:69,(anonymous_2)
FN:100,(anonymous_3)
FN:103,(anonymous_4)
FN:116,(anonymous_5)
FN:119,(anonymous_6)
FN:145,(anonymous_7)
FN:296,(anonymous_8)
FN:348,(anonymous_9)
FN:349,(anonymous_10)
FN:353,(anonymous_11)
FN:397,(anonymous_12)
FN:411,(anonymous_13)
FNF:14
FNH:9
FNDA:7,AddReservationDetails
FNDA:2,(anonymous_1)
FNDA:1,(anonymous_2)
FNDA:0,(anonymous_3)
FNDA:7,(anonymous_4)
FNDA:0,(anonymous_5)
FNDA:7,(anonymous_6)
FNDA:14,(anonymous_7)
FNDA:35,(anonymous_8)
FNDA:0,(anonymous_9)
FNDA:0,(anonymous_10)
FNDA:12,(anonymous_11)
FNDA:0,(anonymous_12)
FNDA:1,(anonymous_13)
DA:23,2
DA:30,7
DA:37,7
DA:38,7
DA:60,7
DA:61,2
DA:62,2
DA:63,1
DA:65,1
DA:69,7
DA:70,1
DA:71,1
DA:75,1
DA:78,7
DA:101,0
DA:104,7
DA:117,0
DA:120,7
DA:146,14
DA:297,35
DA:348,0
DA:350,0
DA:354,12
DA:398,0
DA:411,1
LF:25
LH:20
BRDA:62,0,0,1
BRDA:62,0,1,1
BRDA:62,1,0,2
BRDA:62,1,1,1
BRF:4
BRH:4
end_of_record
TN:
SF:src/components/Home/Home.jsx
FN:16,(anonymous_0)
FN:35,Home
FN:37,(anonymous_2)
FN:40,(anonymous_3)
FN:52,(anonymous_4)
FN:53,(anonymous_5)
FN:57,(anonymous_6)
FN:64,(anonymous_7)
FN:69,(anonymous_8)
FN:74,(anonymous_9)
FN:82,(anonymous_10)
FN:86,(anonymous_11)
FN:93,(anonymous_12)
FN:99,(anonymous_13)
FN:101,(anonymous_14)
FN:107,(anonymous_15)
FN:117,(anonymous_16)
FN:122,(anonymous_17)
FN:138,(anonymous_18)
FN:144,(anonymous_19)
FN:167,(anonymous_20)
FNF:21
FNH:17
FNDA:290,(anonymous_0)
FNDA:15,Home
FNDA:30,(anonymous_2)
FNDA:28,(anonymous_3)
FNDA:5,(anonymous_4)
FNDA:7,(anonymous_5)
FNDA:5,(anonymous_6)
FNDA:0,(anonymous_7)
FNDA:0,(anonymous_8)
FNDA:1,(anonymous_9)
FNDA:1,(anonymous_10)
FNDA:2,(anonymous_11)
FNDA:0,(anonymous_12)
FNDA:1,(anonymous_13)
FNDA:1,(anonymous_14)
FNDA:1,(anonymous_15)
FNDA:1,(anonymous_16)
FNDA:1,(anonymous_17)
FNDA:1,(anonymous_18)
FNDA:1,(anonymous_19)
FNDA:0,(anonymous_20)
DA:13,1
DA:16,1
DA:17,290
DA:18,290
DA:19,1450
DA:20,1450
DA:22,1450
DA:27,1218
DA:28,232
DA:29,232
DA:32,290
DA:36,15
DA:37,30
DA:39,14
DA:40,28
DA:42,14
DA:43,14
DA:44,14
DA:45,14
DA:48,14
DA:49,1
DA:52,14
DA:53,5
DA:54,7
DA:57,5
DA:58,5
DA:59,5
DA:64,14
DA:65,0
DA:66,0
DA:69,14
DA:70,0
DA:71,0
DA:74,14
DA:75,1
DA:76,1
DA:77,1
DA:78,1
DA:79,1
DA:82,14
DA:83,1
DA:84,1
DA:85,1
DA:86,2
DA:88,1
DA:89,1
DA:90,1
DA:93,14
DA:94,0
DA:95,0
DA:96,0
DA:99,14
DA:100,1
DA:101,1
DA:102,1
DA:103,1
DA:106,1
DA:107,1
DA:108,1
DA:109,1
DA:111,1
DA:112,1
DA:113,1
DA:114,1
DA:117,14
DA:118,1
DA:119,1
DA:120,0
DA:122,1
DA:124,1
DA:125,1
DA:126,1
DA:128,0
DA:131,1
DA:134,14
DA:139,1
DA:144,1
DA:167,0
LF:78
LH:68
BRDA:22,0,0,1218
BRDA:22,0,1,232
BRDA:23,1,0,1450
BRDA:23,1,1,464
BRDA:23,1,2,116
BRDA:23,1,3,348
BRDA:28,2,0,232
BRDA:28,2,1,0
BRDA:48,3,0,1
BRDA:48,3,1,13
BRDA:58,4,0,5
BRDA:58,4,1,0
BRDA:102,5,0,1
BRDA:102,5,1,0
BRDA:108,6,0,1
BRDA:108,6,1,0
BRDA:119,7,0,0
BRDA:119,7,1,1
BRDA:125,8,0,1
BRDA:125,8,1,0
BRDA:155,9,0,14
BRDA:155,9,1,1
BRDA:164,10,0,14
BRDA:164,10,1,1
BRF:24
BRH:18
end_of_record
TN:
SF:src/components/Home/Home.stories.jsx
FN:10,(anonymous_0)
FNF:1
FNH:0
FNDA:0,(anonymous_0)
DA:10,0
DA:12,0
DA:14,0
LF:3
LH:0
BRF:0
BRH:0
end_of_record
TN:
SF:src/components/ReservationDetails/ReservationDetails.jsx
FN:25,ReservationDetails
FN:62,(anonymous_1)
FN:71,(anonymous_2)
FN:79,(anonymous_3)
FN:103,(anonymous_4)
FN:106,(anonymous_5)
FN:119,(anonymous_6)
FN:122,(anonymous_7)
FN:149,(anonymous_8)
FN:311,(anonymous_9)
FN:366,(anonymous_10)
FN:368,(anonymous_11)
FN:372,(anonymous_12)
FN:417,(anonymous_13)
FN:432,(anonymous_14)
FN:434,(anonymous_15)
FNF:16
FNH:12
FNDA:9,ReservationDetails
FNDA:1,(anonymous_1)
FNDA:2,(anonymous_2)
FNDA:4,(anonymous_3)
FNDA:0,(anonymous_4)
FNDA:13,(anonymous_5)
FNDA:0,(anonymous_6)
FNDA:13,(anonymous_7)
FNDA:18,(anonymous_8)
FNDA:45,(anonymous_9)
FNDA:39,(anonymous_10)
FNDA:0,(anonymous_11)
FNDA:13,(anonymous_12)
FNDA:0,(anonymous_13)
FNDA:1,(anonymous_14)
FNDA:2,(anonymous_15)
DA:23,2
DA:32,9
DA:39,9
DA:40,9
DA:62,9
DA:63,1
DA:64,1
DA:65,0
DA:67,1
DA:71,9
DA:72,2
DA:76,2
DA:79,9
DA:80,4
DA:83,9
DA:104,0
DA:107,13
DA:120,0
DA:123,13
DA:150,18
DA:312,45
DA:366,39
DA:369,0
DA:373,13
DA:418,0
DA:432,1
DA:434,2
LF:27
LH:22
BRDA:41,0,0,9
BRDA:41,0,1,9
BRDA:42,1,0,9
BRDA:42,1,1,9
BRDA:43,2,0,9
BRDA:43,2,1,0
BRDA:44,3,0,9
BRDA:44,3,1,0
BRDA:45,4,0,9
BRDA:45,4,1,0
BRDA:46,5,0,9
BRDA:46,5,1,9
BRDA:47,6,0,9
BRDA:47,6,1,0
BRDA:48,7,0,9
BRDA:48,7,1,0
BRDA:49,8,0,9
BRDA:49,8,1,0
BRDA:50,9,0,9
BRDA:50,9,1,0
BRDA:51,10,0,9
BRDA:51,10,1,0
BRDA:52,11,0,9
BRDA:52,11,1,0
BRDA:53,12,0,9
BRDA:53,12,1,0
BRDA:54,13,0,9
BRDA:54,13,1,0
BRDA:55,14,0,9
BRDA:55,14,1,0
BRDA:56,15,0,9
BRDA:56,15,1,0
BRDA:57,16,0,9
BRDA:57,16,1,0
BRDA:58,17,0,9
BRDA:58,17,1,0
BRDA:59,18,0,9
BRDA:59,18,1,9
BRDA:64,19,0,0
BRDA:64,19,1,1
BRDA:64,20,0,1
BRDA:64,20,1,1
BRDA:433,21,0,9
BRDA:433,21,1,9
BRF:44
BRH:28
end_of_record
TN:
SF:src/components/ReservationDetails/ReservationDetails.stories.jsx
FN:41,(anonymous_0)
FN:47,(anonymous_1)
FN:49,(anonymous_2)
FN:50,(anonymous_3)
FN:57,(anonymous_4)
FN:59,(anonymous_5)
FN:60,(anonymous_6)
FNF:7
FNH:0
FNDA:0,(anonymous_0)
FNDA:0,(anonymous_1)
FNDA:0,(anonymous_2)
FNDA:0,(anonymous_3)
FNDA:0,(anonymous_4)
FNDA:0,(anonymous_5)
FNDA:0,(anonymous_6)
DA:5,0
DA:41,0
DA:43,0
DA:45,0
DA:47,0
DA:49,0
DA:50,0
DA:53,0
DA:55,0
DA:57,0
DA:59,0
DA:60,0
LF:12
LH:0
BRF:0
BRH:0
end_of_record
TN:
SF:src/components/Result/Result.jsx
FN:13,Result
FN:34,(anonymous_1)
FN:38,(anonymous_2)
FN:48,(anonymous_3)
FN:49,(anonymous_4)
FNF:5
FNH:5
FNDA:16,Result
FNDA:28,(anonymous_1)
FNDA:2,(anonymous_2)
FNDA:2,(anonymous_3)
FNDA:2,(anonymous_4)
DA:20,16
DA:35,28
DA:38,2
DA:48,2
DA:49,2
LF:5
LH:5
BRF:0
BRH:0
end_of_record
TN:
SF:src/components/Result/Result.stories.jsx
FN:81,(anonymous_0)
FN:87,(anonymous_1)
FN:88,(anonymous_2)
FN:89,(anonymous_3)
FNF:4
FNH:0
FNDA:0,(anonymous_0)
FNDA:0,(anonymous_1)
FNDA:0,(anonymous_2)
FNDA:0,(anonymous_3)
DA:5,0
DA:81,0
DA:83,0
DA:85,0
DA:87,0
DA:88,0
DA:89,0
LF:7
LH:0
BRF:0
BRH:0
end_of_record
TN:
SF:src/components/Search/Search.jsx
FN:8,Search
FNF:1
FNH:1
FNDA:14,Search
DA:9,14
LF:1
LH:1
BRF:0
BRH:0
end_of_record
